2016-1-21 23:09:05>>>>SQL>>>>>select AreaID from AreaID_F where NameEN='北京' or NameCN=N'北京'
2016-1-21 23:11:52>>>>SQL>>>>>select AreaID from AreaID_F where NameEN='北京' or NameCN=N'北京'
2016-1-21 23:11:52>>>>http://open.weather.com.cn/data/?areaid=101010100&type=forecast_v&date=201601212311&appid=899bd4&key=LKErXfhx3RWhnGX4TPY9MS7i3Pw=
2016-1-21 23:11:52>>>>{"c":{"c1":"101010100","c2":"beijing","c3":"北京","c4":"beijing","c5":"北京","c6":"beijing","c7":"北京","c8":"china","c9":"中国","c10":"1","c11":"010","c12":"100000","c13":116.391000,"c14":39.904000,"c15":"33","c16":"AZ9010","c17":"+8"},"f":{"f1":[{"fa":"","fb":"02","fc":"","fd":"-10","fe":"","ff":"0","fg":"","fh":"1","fi":"07:31|17:19"},{"fa":"01","fb":"00","fc":"-6","fd":"-16","fe":"0","ff":"0","fg":"2","fh":"1","fi":"07:30|17:20"},{"fa":"00","fb":"00","fc":"-12","fd":"-14","fe":"0","ff":"8","fg":"3","fh":"1","fi":"07:30|17:21"}],"f0":"201601211800"}}
2016-1-21 23:12:21>>>>SQL>>>>>select AreaID from AreaID_F where NameEN='nanyang' or NameCN=N'nanyang'
2016-1-21 23:12:22>>>>http://open.weather.com.cn/data/?areaid=101180701&type=forecast_v&date=201601212312&appid=899bd4&key=4nKqHXUWPhJmoJtuc83MykHMnmg=
2016-1-21 23:12:22>>>>{"c":{"c1":"101180701","c2":"nanyang","c3":"南阳","c4":"nanyang","c5":"南阳","c6":"henan","c7":"河南","c8":"china","c9":"中国","c10":"2","c11":"0377","c12":"473000","c13":112.527000,"c14":32.996000,"c15":"131","c16":"AZ9377","c17":"+8"},"f":{"f1":[{"fa":"","fb":"02","fc":"","fd":"-2","fe":"","ff":"2","fg":"","fh":"1","fi":"07:31|17:50"},{"fa":"02","fb":"00","fc":"4","fd":"-7","fe":"1","ff":"8","fg":"1","fh":"1","fi":"07:30|17:51"},{"fa":"01","fb":"00","fc":"3","fd":"-8","fe":"7","ff":"7","fg":"2","fh":"1","fi":"07:30|17:52"}],"f0":"201601211800"}}
2016-1-21 23:12:22>>>>xdoc
2016-1-21 23:12:22>>>>reader
2016-1-21 23:15:31>>>>SQL>>>>>select AreaID from AreaID_F where NameEN='nanyang' or NameCN=N'nanyang'
2016-1-21 23:15:32>>>>http://open.weather.com.cn/data/?areaid=101180701&type=forecast_v&date=201601212315&appid=899bd4&key=9G4onGxtnpVuOLsK6LOKmhehL8U=
2016-1-21 23:15:32>>>>{"c":{"c1":"101180701","c2":"nanyang","c3":"南阳","c4":"nanyang","c5":"南阳","c6":"henan","c7":"河南","c8":"china","c9":"中国","c10":"2","c11":"0377","c12":"473000","c13":112.527000,"c14":32.996000,"c15":"131","c16":"AZ9377","c17":"+8"},"f":{"f1":[{"fa":"","fb":"02","fc":"","fd":"-2","fe":"","ff":"2","fg":"","fh":"1","fi":"07:31|17:50"},{"fa":"02","fb":"00","fc":"4","fd":"-7","fe":"1","ff":"8","fg":"1","fh":"1","fi":"07:30|17:51"},{"fa":"01","fb":"00","fc":"3","fd":"-8","fe":"7","ff":"7","fg":"2","fh":"1","fi":"07:30|17:52"}],"f0":"201601211800"}}
2016-1-21 23:15:32>>>>xdoc
2016-1-21 23:15:32>>>>reader
2016-1-21 23:15:32>>>>SQL>>>>>select AreaID from AreaID_F where NameEN='nanyang' or NameCN=N'nanyang'
2016-1-21 23:15:32>>>>http://open.weather.com.cn/data/?areaid=101180701&type=index_v&date=201601212315&appid=899bd4&key=i8cTb0cBa4F30B/cdRTvYYwDB/Y=
2016-1-21 23:15:32>>>>{"i":[{"i1":"cl","i2":"晨练指数","i3":"","i4":"较不宜","i5":"阴天，风力稍大，较不宜晨练，室外锻炼请注意选择避风的地点，避免迎风锻炼。"},{"i1":"co","i2":"舒适度指数","i3":"","i4":"较不舒适","i5":"白天天气阴沉，您会感觉偏冷，不很舒适，请注意添加衣物，以防感冒。"},{"i1":"ct","i2":"穿衣指数","i3":"","i4":"冷","i5":"天气冷，建议着棉服、羽绒服、皮夹克加羊毛衫等冬季服装。年老体弱者宜着厚棉衣、冬大衣或厚羽绒服。"}]}
2016-1-21 23:27:50>>>>SQL>>>>>select AreaID from AreaID_F where NameEN='shanghai' or NameCN=N'shanghai'
2016-1-21 23:27:53>>>>http://open.weather.com.cn/data/?areaid=101020100&type=forecast_v&date=201601212327&appid=899bd4&key=6ibNIGQPr4QRhZ7Rd4xcht8MWXM=
2016-1-21 23:27:53>>>>{"c":{"c1":"101020100","c2":"shanghai","c3":"上海","c4":"shanghai","c5":"上海","c6":"shanghai","c7":"上海","c8":"china","c9":"中国","c10":"1","c11":"021","c12":"200000","c13":121.445000,"c14":31.213000,"c15":"19","c16":"AZ9210","c17":"+8"},"f":{"f1":[{"fa":"","fb":"07","fc":"","fd":"2","fe":"","ff":"1","fg":"","fh":"0","fi":"06:51|17:18"},{"fa":"07","fb":"14","fc":"4","fd":"0","fe":"1","ff":"0","fg":"1","fh":"1","fi":"06:51|17:19"},{"fa":"01","fb":"00","fc":"0","fd":"-6","fe":"7","ff":"7","fg":"2","fh":"2","fi":"06:51|17:20"}],"f0":"201601211800"}}
2016-1-21 23:27:53>>>>xdoc
2016-1-21 23:27:53>>>>reader
2016-1-21 23:27:53>>>>SQL>>>>>select AreaID from AreaID_F where NameEN='shanghai' or NameCN=N'shanghai'
2016-1-21 23:27:53>>>>http://open.weather.com.cn/data/?areaid=101020100&type=index_v&date=201601212327&appid=899bd4&key=kkL8Vnz19JHpIxkk2vJId9QOI28=
2016-1-21 23:27:53>>>>{"i":[{"i1":"cl","i2":"晨练指数","i3":"","i4":"不宜","i5":"有降水，且早晨天气寒冷，风力稍大，请尽量避免户外晨练，若坚持晨练请带上雨具并注意保暖防冻。"},{"i1":"co","i2":"舒适度指数","i3":"","i4":"较不舒适","i5":"白天会有降雨发生，且天气较凉，您会感觉偏冷，不很舒适，请注意添加衣物。"},{"i1":"ct","i2":"穿衣指数","i3":"","i4":"冷","i5":"天气冷，建议着棉服、羽绒服、皮夹克加羊毛衫等冬季服装。年老体弱者宜着厚棉衣、冬大衣或厚羽绒服。"}]}
2016-1-21 23:28:40>>>>SQL>>>>>select AreaID from AreaID_F where NameEN='nanyang' or NameCN=N'nanyang'
2016-1-21 23:28:41>>>>http://open.weather.com.cn/data/?areaid=101180701&type=forecast_v&date=201601212328&appid=899bd4&key=w3ndcD2Zl2TcBAb0lRsFkETsdjU=
2016-1-21 23:28:41>>>>{"c":{"c1":"101180701","c2":"nanyang","c3":"南阳","c4":"nanyang","c5":"南阳","c6":"henan","c7":"河南","c8":"china","c9":"中国","c10":"2","c11":"0377","c12":"473000","c13":112.527000,"c14":32.996000,"c15":"131","c16":"AZ9377","c17":"+8"},"f":{"f1":[{"fa":"","fb":"02","fc":"","fd":"-2","fe":"","ff":"2","fg":"","fh":"1","fi":"07:31|17:50"},{"fa":"02","fb":"00","fc":"4","fd":"-7","fe":"1","ff":"8","fg":"1","fh":"1","fi":"07:30|17:51"},{"fa":"01","fb":"00","fc":"3","fd":"-8","fe":"7","ff":"7","fg":"2","fh":"1","fi":"07:30|17:52"}],"f0":"201601211800"}}
2016-1-21 23:28:41>>>>xdoc
2016-1-21 23:28:41>>>>reader
2016-1-21 23:28:41>>>>SQL>>>>>select AreaID from AreaID_F where NameEN='nanyang' or NameCN=N'nanyang'
2016-1-21 23:28:41>>>>http://open.weather.com.cn/data/?areaid=101180701&type=index_v&date=201601212328&appid=899bd4&key=QsbVz1V1NNRa+54MLetYudAJQ2o=
2016-1-21 23:28:41>>>>{"i":[{"i1":"cl","i2":"晨练指数","i3":"","i4":"较不宜","i5":"阴天，风力稍大，较不宜晨练，室外锻炼请注意选择避风的地点，避免迎风锻炼。"},{"i1":"co","i2":"舒适度指数","i3":"","i4":"较不舒适","i5":"白天天气阴沉，您会感觉偏冷，不很舒适，请注意添加衣物，以防感冒。"},{"i1":"ct","i2":"穿衣指数","i3":"","i4":"冷","i5":"天气冷，建议着棉服、羽绒服、皮夹克加羊毛衫等冬季服装。年老体弱者宜着厚棉衣、冬大衣或厚羽绒服。"}]}
2016-1-21 23:29:58>>>>SQL>>>>>select AreaID from AreaID_F where NameEN='beijing' or NameCN=N'beijing'
2016-1-21 23:29:58>>>>http://open.weather.com.cn/data/?areaid=101010100&type=forecast_v&date=201601212329&appid=899bd4&key=eGIoNRkSkMkpTaeLvd3GJTNz9R4=
2016-1-21 23:29:58>>>>{"c":{"c1":"101010100","c2":"beijing","c3":"北京","c4":"beijing","c5":"北京","c6":"beijing","c7":"北京","c8":"china","c9":"中国","c10":"1","c11":"010","c12":"100000","c13":116.391000,"c14":39.904000,"c15":"33","c16":"AZ9010","c17":"+8"},"f":{"f1":[{"fa":"","fb":"02","fc":"","fd":"-10","fe":"","ff":"0","fg":"","fh":"1","fi":"07:31|17:19"},{"fa":"01","fb":"00","fc":"-6","fd":"-16","fe":"0","ff":"0","fg":"2","fh":"1","fi":"07:30|17:20"},{"fa":"00","fb":"00","fc":"-12","fd":"-14","fe":"0","ff":"8","fg":"3","fh":"1","fi":"07:30|17:21"}],"f0":"201601211800"}}
2016-1-21 23:29:58>>>>xdoc
2016-1-21 23:29:58>>>>reader
2016-1-21 23:29:58>>>>SQL>>>>>select AreaID from AreaID_F where NameEN='beijing' or NameCN=N'beijing'
2016-1-21 23:29:58>>>>http://open.weather.com.cn/data/?areaid=101010100&type=index_v&date=201601212329&appid=899bd4&key=7FEmpAnMpMDKSSe1l9t/pbgfWoc=
2016-1-21 23:29:58>>>>{"i":[{"i1":"cl","i2":"晨练指数","i3":"","i4":"较不宜","i5":"风力稍大，较不宜晨练，室外锻炼请注意选择避风的地点，避免迎风锻炼。"},{"i1":"co","i2":"舒适度指数","i3":"","i4":"很不舒适","i5":"白天天气凉、风力较强，在这种天气条件下，您会感觉很冷，不舒适，外出不宜过久，并注意防风保暖。"},{"i1":"ct","i2":"穿衣指数","i3":"","i4":"寒冷","i5":"天气寒冷，建议着厚羽绒服、毛皮大衣加厚毛衣等隆冬服装。年老体弱者尤其要注意保暖防冻。"}]}
2016-1-21 23:43:28>>>>SQL>>>>>select AreaID from AreaID_F where NameEN='beijing' or NameCN=N'beijing'
2016-1-21 23:43:31>>>>http://open.weather.com.cn/data/?areaid=101010100&type=forecast_v&date=201601212343&appid=899bd4&key=vugUWoDRj8JmDf7/4kX7KHfs+i0=
2016-1-21 23:43:31>>>>{"c":{"c1":"101010100","c2":"beijing","c3":"北京","c4":"beijing","c5":"北京","c6":"beijing","c7":"北京","c8":"china","c9":"中国","c10":"1","c11":"010","c12":"100000","c13":116.391000,"c14":39.904000,"c15":"33","c16":"AZ9010","c17":"+8"},"f":{"f1":[{"fa":"","fb":"02","fc":"","fd":"-10","fe":"","ff":"0","fg":"","fh":"1","fi":"07:31|17:19"},{"fa":"01","fb":"00","fc":"-6","fd":"-16","fe":"0","ff":"0","fg":"2","fh":"1","fi":"07:30|17:20"},{"fa":"00","fb":"00","fc":"-12","fd":"-14","fe":"0","ff":"8","fg":"3","fh":"1","fi":"07:30|17:21"}],"f0":"201601211800"}}
2016-1-21 23:43:31>>>>xdoc
2016-1-21 23:43:31>>>>reader
2016-1-21 23:43:31>>>>SQL>>>>>select AreaID from AreaID_F where NameEN='beijing' or NameCN=N'beijing'
2016-1-21 23:43:31>>>>http://open.weather.com.cn/data/?areaid=101010100&type=index_v&date=201601212343&appid=899bd4&key=X/wRVw7eFLkQKl1Z3iYMm/1B4Zw=
2016-1-21 23:43:31>>>>{"i":[{"i1":"cl","i2":"晨练指数","i3":"","i4":"较不宜","i5":"风力稍大，较不宜晨练，室外锻炼请注意选择避风的地点，避免迎风锻炼。"},{"i1":"co","i2":"舒适度指数","i3":"","i4":"很不舒适","i5":"白天天气凉、风力较强，在这种天气条件下，您会感觉很冷，不舒适，外出不宜过久，并注意防风保暖。"},{"i1":"ct","i2":"穿衣指数","i3":"","i4":"寒冷","i5":"天气寒冷，建议着厚羽绒服、毛皮大衣加厚毛衣等隆冬服装。年老体弱者尤其要注意保暖防冻。"}]}
2016-1-21 23:43:31>>>>cl晨练指数较不宜风力稍大，较不宜晨练，室外锻炼请注意选择避风的地点，避免迎风锻炼。co舒适度指数很不舒适白天天气凉、风力较强，在这种天气条件下，您会感觉很冷，不舒适，外出不宜过久，并注意防风保暖。ct穿衣指数寒冷天气寒冷，建议着厚羽绒服、毛皮大衣加厚毛衣等隆冬服装。年老体弱者尤其要注意保暖防冻。
2016-1-21 23:46:29>>>>SQL>>>>>select AreaID from AreaID_F where NameEN='beijing' or NameCN=N'beijing'
2016-1-21 23:46:29>>>>http://open.weather.com.cn/data/?areaid=101010100&type=forecast_v&date=201601212346&appid=899bd4&key=1LcQnFa+AdrYX8ozO/ASWkujtHo=
2016-1-21 23:46:29>>>>{"c":{"c1":"101010100","c2":"beijing","c3":"北京","c4":"beijing","c5":"北京","c6":"beijing","c7":"北京","c8":"china","c9":"中国","c10":"1","c11":"010","c12":"100000","c13":116.391000,"c14":39.904000,"c15":"33","c16":"AZ9010","c17":"+8"},"f":{"f1":[{"fa":"","fb":"02","fc":"","fd":"-10","fe":"","ff":"0","fg":"","fh":"1","fi":"07:31|17:19"},{"fa":"01","fb":"00","fc":"-6","fd":"-16","fe":"0","ff":"0","fg":"2","fh":"1","fi":"07:30|17:20"},{"fa":"00","fb":"00","fc":"-12","fd":"-14","fe":"0","ff":"8","fg":"3","fh":"1","fi":"07:30|17:21"}],"f0":"201601211800"}}
2016-1-21 23:46:29>>>>xdoc
2016-1-21 23:46:29>>>>reader
2016-1-21 23:46:29>>>>SQL>>>>>select AreaID from AreaID_F where NameEN='beijing' or NameCN=N'beijing'
2016-1-21 23:46:29>>>>http://open.weather.com.cn/data/?areaid=101010100&type=index_v&date=201601212346&appid=899bd4&key=QuenlTA02Ht84CE4Zx+Fwf0WHU4=
2016-1-21 23:46:29>>>>{"i":[{"i1":"cl","i2":"晨练指数","i3":"","i4":"较不宜","i5":"风力稍大，较不宜晨练，室外锻炼请注意选择避风的地点，避免迎风锻炼。"},{"i1":"co","i2":"舒适度指数","i3":"","i4":"很不舒适","i5":"白天天气凉、风力较强，在这种天气条件下，您会感觉很冷，不舒适，外出不宜过久，并注意防风保暖。"},{"i1":"ct","i2":"穿衣指数","i3":"","i4":"寒冷","i5":"天气寒冷，建议着厚羽绒服、毛皮大衣加厚毛衣等隆冬服装。年老体弱者尤其要注意保暖防冻。"}]}
2016-1-21 23:46:29>>>>cl晨练指数较不宜风力稍大，较不宜晨练，室外锻炼请注意选择避风的地点，避免迎风锻炼。co舒适度指数很不舒适白天天气凉、风力较强，在这种天气条件下，您会感觉很冷，不舒适，外出不宜过久，并注意防风保暖。ct穿衣指数寒冷天气寒冷，建议着厚羽绒服、毛皮大衣加厚毛衣等隆冬服装。年老体弱者尤其要注意保暖防冻。
2016-1-21 23:46:54>>>>SQL>>>>>select AreaID from AreaID_F where NameEN='nanyang' or NameCN=N'nanyang'
2016-1-21 23:46:55>>>>http://open.weather.com.cn/data/?areaid=101180701&type=forecast_v&date=201601212346&appid=899bd4&key=gv8gXdwM9py1bLId/xt/9RmiPws=
2016-1-21 23:46:55>>>>{"c":{"c1":"101180701","c2":"nanyang","c3":"南阳","c4":"nanyang","c5":"南阳","c6":"henan","c7":"河南","c8":"china","c9":"中国","c10":"2","c11":"0377","c12":"473000","c13":112.527000,"c14":32.996000,"c15":"131","c16":"AZ9377","c17":"+8"},"f":{"f1":[{"fa":"","fb":"02","fc":"","fd":"-2","fe":"","ff":"2","fg":"","fh":"1","fi":"07:31|17:50"},{"fa":"02","fb":"00","fc":"4","fd":"-7","fe":"1","ff":"8","fg":"1","fh":"1","fi":"07:30|17:51"},{"fa":"01","fb":"00","fc":"3","fd":"-8","fe":"7","ff":"7","fg":"2","fh":"1","fi":"07:30|17:52"}],"f0":"201601211800"}}
2016-1-21 23:46:55>>>>xdoc
2016-1-21 23:46:55>>>>reader
2016-1-21 23:46:55>>>>SQL>>>>>select AreaID from AreaID_F where NameEN='nanyang' or NameCN=N'nanyang'
2016-1-21 23:46:55>>>>http://open.weather.com.cn/data/?areaid=101180701&type=index_v&date=201601212346&appid=899bd4&key=FAiKc3n6DYdYaK/IRbHUwUXzxrE=
2016-1-21 23:46:55>>>>{"i":[{"i1":"cl","i2":"晨练指数","i3":"","i4":"较不宜","i5":"阴天，风力稍大，较不宜晨练，室外锻炼请注意选择避风的地点，避免迎风锻炼。"},{"i1":"co","i2":"舒适度指数","i3":"","i4":"较不舒适","i5":"白天天气阴沉，您会感觉偏冷，不很舒适，请注意添加衣物，以防感冒。"},{"i1":"ct","i2":"穿衣指数","i3":"","i4":"冷","i5":"天气冷，建议着棉服、羽绒服、皮夹克加羊毛衫等冬季服装。年老体弱者宜着厚棉衣、冬大衣或厚羽绒服。"}]}
2016-1-21 23:46:55>>>>cl晨练指数较不宜阴天，风力稍大，较不宜晨练，室外锻炼请注意选择避风的地点，避免迎风锻炼。co舒适度指数较不舒适白天天气阴沉，您会感觉偏冷，不很舒适，请注意添加衣物，以防感冒。ct穿衣指数冷天气冷，建议着棉服、羽绒服、皮夹克加羊毛衫等冬季服装。年老体弱者宜着厚棉衣、冬大衣或厚羽绒服。
2016-1-21 23:47:21>>>>SQL>>>>>select AreaID from AreaID_F where NameEN='zhengzhou' or NameCN=N'zhengzhou'
2016-1-21 23:47:21>>>>http://open.weather.com.cn/data/?areaid=101180101&type=forecast_v&date=201601212347&appid=899bd4&key=ImjPaYTI/vr2y2z5eVmwwVQ7Sdw=
2016-1-21 23:47:21>>>>{"c":{"c1":"101180101","c2":"zhengzhou","c3":"郑州","c4":"zhengzhou","c5":"郑州","c6":"henan","c7":"河南","c8":"china","c9":"中国","c10":"1","c11":"0371","c12":"450000","c13":113.641000,"c14":34.758000,"c15":"111","c16":"AZ9371","c17":"+8"},"f":{"f1":[{"fa":"","fb":"02","fc":"","fd":"-4","fe":"","ff":"0","fg":"","fh":"0","fi":"07:30|17:42"},{"fa":"13","fb":"02","fc":"0","fd":"-7","fe":"0","ff":"0","fg":"0","fh":"2","fi":"07:30|17:43"},{"fa":"01","fb":"00","fc":"0","fd":"-9","fe":"0","ff":"8","fg":"2","fh":"1","fi":"07:29|17:44"}],"f0":"201601211800"}}
2016-1-21 23:47:21>>>>xdoc
2016-1-21 23:47:21>>>>reader
2016-1-21 23:47:21>>>>SQL>>>>>select AreaID from AreaID_F where NameEN='zhengzhou' or NameCN=N'zhengzhou'
2016-1-21 23:47:21>>>>http://open.weather.com.cn/data/?areaid=101180101&type=index_v&date=201601212347&appid=899bd4&key=N/H7sGDs5dF2BSJQIwoQ2CLA+cI=
2016-1-21 23:47:21>>>>{"i":[{"i1":"cl","i2":"晨练指数","i3":"","i4":"较不宜","i5":"有降水，较不宜晨练，室外锻炼请携带雨具。建议年老体弱人群适当减少晨练时间。"},{"i1":"co","i2":"舒适度指数","i3":"","i4":"较不舒适","i5":"白天会有降雪发生，您会感觉偏冷，不很舒适，请注意添加衣物。"},{"i1":"ct","i2":"穿衣指数","i3":"","i4":"冷","i5":"天气冷，建议着棉服、羽绒服、皮夹克加羊毛衫等冬季服装。年老体弱者宜着厚棉衣、冬大衣或厚羽绒服。"}]}
2016-1-21 23:47:21>>>>cl晨练指数较不宜有降水，较不宜晨练，室外锻炼请携带雨具。建议年老体弱人群适当减少晨练时间。co舒适度指数较不舒适白天会有降雪发生，您会感觉偏冷，不很舒适，请注意添加衣物。ct穿衣指数冷天气冷，建议着棉服、羽绒服、皮夹克加羊毛衫等冬季服装。年老体弱者宜着厚棉衣、冬大衣或厚羽绒服。
