2016-1-21 23:12:22>>>>02-22107:31|17:50
2016-1-21 23:12:22>>>>DayTwo>>>>>02004-7181107:30|17:51
2016-1-21 23:12:22>>>>DayThree>>>>>01003-8772107:30|17:52
2016-1-21 23:15:32>>>>02-22107:31|17:50
2016-1-21 23:15:32>>>>DayTwo>>>>>02004-7181107:30|17:51
2016-1-21 23:15:32>>>>DayThree>>>>>01003-8772107:30|17:52
2016-1-21 23:27:53>>>>0721006:51|17:18
2016-1-21 23:27:53>>>>DayTwo>>>>>071440101106:51|17:19
2016-1-21 23:27:53>>>>DayThree>>>>>01000-6772206:51|17:20
2016-1-21 23:28:41>>>>02-22107:31|17:50
2016-1-21 23:28:41>>>>DayTwo>>>>>02004-7181107:30|17:51
2016-1-21 23:28:41>>>>DayThree>>>>>01003-8772107:30|17:52
2016-1-21 23:29:58>>>>02-100107:31|17:19
2016-1-21 23:29:58>>>>DayTwo>>>>>0100-6-16002107:30|17:20
2016-1-21 23:29:58>>>>DayThree>>>>>0000-12-14083107:30|17:21
2016-1-21 23:43:31>>>>02-100107:31|17:19
2016-1-21 23:43:31>>>>DayTwo>>>>>0100-6-16002107:30|17:20
2016-1-21 23:43:31>>>>DayThree>>>>>0000-12-14083107:30|17:21
2016-1-21 23:46:29>>>>02-100107:31|17:19
2016-1-21 23:46:29>>>>DayTwo>>>>>0100-6-16002107:30|17:20
2016-1-21 23:46:29>>>>DayThree>>>>>0000-12-14083107:30|17:21
2016-1-21 23:46:55>>>>02-22107:31|17:50
2016-1-21 23:46:55>>>>DayTwo>>>>>02004-7181107:30|17:51
2016-1-21 23:46:55>>>>DayThree>>>>>01003-8772107:30|17:52
2016-1-21 23:47:21>>>>02-40007:30|17:42
2016-1-21 23:47:21>>>>DayTwo>>>>>13020-7000207:30|17:43
2016-1-21 23:47:21>>>>DayThree>>>>>01000-9082107:29|17:44
